<?xml version="1.0" encoding="UTF-8"?>
<!-- Generated by org.testng.reporters.JUnitReportReporter -->
<testsuite skipped="0" hostname="DESKTOP-QE02RR6" name="org.example.runners.testrunner" tests="1" failures="0" timestamp="2022-06-03T14:10:46 EET" time="11.176" errors="0">
  <testcase name="runScenario" time="11.176" classname="org.example.runners.testrunner"/>
  <system-out/>
</testsuite> <!-- org.example.runners.testrunner -->
